<?xml version="1.0" encoding="UTF-8"?>
<!-- Generated by org.testng.reporters.JUnitReportReporter -->
<testsuite hostname="karima-hp" failures="0" tests="1" name="extra_package.LoginTest" time="0.001" errors="0" timestamp="25 Mar 2023 15:31:36 GMT" skipped="0">
  <testcase classname="extra_package.LoginTest" name="LoginUser" time="0.001"/>
</testsuite> <!-- extra_package.LoginTest -->
