<?xml version="1.0" encoding="UTF-8"?>
<!-- Generated by org.testng.reporters.JUnitReportReporter -->
<testsuite hostname="karima-hp" failures="0" tests="1" name="extra_package.RegisterTest" time="0.012" errors="0" timestamp="25 Mar 2023 15:31:36 GMT" skipped="0">
  <testcase classname="extra_package.RegisterTest" name="RegisterUser" time="0.012"/>
</testsuite> <!-- extra_package.RegisterTest -->
