<?xml version="1.0" encoding="UTF-8"?>
<!-- Generated by org.testng.reporters.JUnitReportReporter -->
<testsuite skipped="0" hostname="karima-hp" name="extra_package.LogoutTest" tests="1" failures="0" timestamp="25 Mar 2023 15:34:27 GMT" time="0.000" errors="0">
  <testcase name="LogoutUser" time="0.000" classname="extra_package.LogoutTest"/>
</testsuite> <!-- extra_package.LogoutTest -->
